<?xml version="1.0" encoding="UTF-8"?>
<testng-results skipped="0" failed="0" ignored="0" total="1" passed="1">
  <reporter-output>
  </reporter-output>
  <suite name="ProcedureCostTest" duration-ms="69" started-at="2018-08-01T20:01:18Z" finished-at="2018-08-01T20:01:18Z">
    <groups>
    </groups>
    <test name="Command line test" duration-ms="69" started-at="2018-08-01T20:01:18Z" finished-at="2018-08-01T20:01:18Z">
      <class name="ProcedureCostTest">
        <test-method status="PASS" signature="test1()[pri:0, instance:ProcedureCostTest@1cd072a9]" name="test1" duration-ms="12" started-at="2018-08-01T20:01:18Z" finished-at="2018-08-01T20:01:18Z">
          <reporter-output>
          </reporter-output>
        </test-method> <!-- test1 -->
      </class> <!-- ProcedureCostTest -->
    </test> <!-- Command line test -->
  </suite> <!-- ProcedureCostTest -->
</testng-results>
