<?xml version="1.0" encoding="UTF-8"?>
<testng-results skipped="0" failed="0" ignored="0" total="2" passed="2">
  <reporter-output>
  </reporter-output>
  <suite name="ProcedureCostTest" duration-ms="68" started-at="2018-08-01T23:18:01Z" finished-at="2018-08-01T23:18:01Z">
    <groups>
    </groups>
    <test name="Command line test" duration-ms="68" started-at="2018-08-01T23:18:01Z" finished-at="2018-08-01T23:18:01Z">
      <class name="ProcedureCostTest">
        <test-method status="PASS" signature="test1()[pri:0, instance:ProcedureCostTest@1cd072a9]" name="test1" duration-ms="15" started-at="2018-08-01T23:18:01Z" finished-at="2018-08-01T23:18:01Z">
          <reporter-output>
          </reporter-output>
        </test-method> <!-- test1 -->
        <test-method status="PASS" signature="test2()[pri:0, instance:ProcedureCostTest@1cd072a9]" name="test2" duration-ms="1" started-at="2018-08-01T23:18:01Z" finished-at="2018-08-01T23:18:01Z">
          <reporter-output>
          </reporter-output>
        </test-method> <!-- test2 -->
      </class> <!-- ProcedureCostTest -->
    </test> <!-- Command line test -->
  </suite> <!-- ProcedureCostTest -->
</testng-results>
